[GIN-debug] [WARNING] Creating an Engine instance with the Logger and Recovery middleware already attached.

[GIN-debug] [WARNING] Running in "debug" mode. Switch to "release" mode in production.
 - using env:	export GIN_MODE=release
 - using code:	gin.SetMode(gin.ReleaseMode)

[GIN-debug] GET    /sellpump/api/merk/v1/getproduk --> produk_microservice/controllers.(*Produk).GetDataProduk-fm (4 handlers)
[GIN-debug] GET    /swagger/*any             --> github.com/swaggo/gin-swagger.CustomWrapHandler.func1 (4 handlers)
[GIN-debug] [WARNING] You trusted all proxies, this is NOT safe. We recommend you to set a value.
Please check https://pkg.go.dev/github.com/gin-gonic/gin#readme-don-t-trust-all-proxies for details.
[GIN-debug] Listening and serving HTTP on :2208
[GIN-debug] [WARNING] Creating an Engine instance with the Logger and Recovery middleware already attached.

[GIN-debug] [WARNING] Running in "debug" mode. Switch to "release" mode in production.
 - using env:	export GIN_MODE=release
 - using code:	gin.SetMode(gin.ReleaseMode)

[GIN-debug] GET    /sellpump/api/merk/v1/getproduk --> produk_microservice/controllers.(*Produk).GetDataProduk-fm (4 handlers)
[GIN-debug] GET    /swagger/*any             --> github.com/swaggo/gin-swagger.CustomWrapHandler.func1 (4 handlers)
[GIN-debug] [WARNING] You trusted all proxies, this is NOT safe. We recommend you to set a value.
Please check https://pkg.go.dev/github.com/gin-gonic/gin#readme-don-t-trust-all-proxies for details.
[GIN-debug] Listening and serving HTTP on :2209
[GIN-debug] [WARNING] Creating an Engine instance with the Logger and Recovery middleware already attached.

[GIN-debug] [WARNING] Running in "debug" mode. Switch to "release" mode in production.
 - using env:	export GIN_MODE=release
 - using code:	gin.SetMode(gin.ReleaseMode)

[GIN-debug] GET    /sellpump/api/produk/v1/getproduk --> produk_microservice/controllers.(*Produk).GetDataProduk-fm (4 handlers)
[GIN-debug] GET    /swagger/*any             --> github.com/swaggo/gin-swagger.CustomWrapHandler.func1 (4 handlers)
[GIN-debug] [WARNING] You trusted all proxies, this is NOT safe. We recommend you to set a value.
Please check https://pkg.go.dev/github.com/gin-gonic/gin#readme-don-t-trust-all-proxies for details.
[GIN-debug] Listening and serving HTTP on :2209
[GIN] 2021/12/03 - 17:09:51 | 200 |     78.9161ms |       127.0.0.1 | GET      "/sellpump/api/produk/v1/getproduk"
[GIN-debug] [WARNING] Creating an Engine instance with the Logger and Recovery middleware already attached.

[GIN-debug] [WARNING] Running in "debug" mode. Switch to "release" mode in production.
 - using env:	export GIN_MODE=release
 - using code:	gin.SetMode(gin.ReleaseMode)

[GIN-debug] GET    /sellpump/api/produk/v1/getproduk --> produk_microservice/controllers.(*Produk).GetDataProduk-fm (4 handlers)
[GIN-debug] GET    /swagger/*any             --> github.com/swaggo/gin-swagger.CustomWrapHandler.func1 (4 handlers)
[GIN-debug] [WARNING] You trusted all proxies, this is NOT safe. We recommend you to set a value.
Please check https://pkg.go.dev/github.com/gin-gonic/gin#readme-don-t-trust-all-proxies for details.
[GIN-debug] Listening and serving HTTP on :2209
[GIN] 2021/12/03 - 17:19:14 | 500 |     93.8179ms |       127.0.0.1 | GET      "/sellpump/api/produk/v1/getproduk"
[GIN-debug] [WARNING] Creating an Engine instance with the Logger and Recovery middleware already attached.

[GIN-debug] [WARNING] Running in "debug" mode. Switch to "release" mode in production.
 - using env:	export GIN_MODE=release
 - using code:	gin.SetMode(gin.ReleaseMode)

[GIN-debug] GET    /sellpump/api/produk/v1/getproduk --> produk_microservice/controllers.(*Produk).GetDataProduk-fm (4 handlers)
[GIN-debug] GET    /swagger/*any             --> github.com/swaggo/gin-swagger.CustomWrapHandler.func1 (4 handlers)
[GIN-debug] [WARNING] You trusted all proxies, this is NOT safe. We recommend you to set a value.
Please check https://pkg.go.dev/github.com/gin-gonic/gin#readme-don-t-trust-all-proxies for details.
[GIN-debug] Listening and serving HTTP on :2209
[GIN] 2021/12/03 - 17:20:04 | 200 |    591.6432ms |       127.0.0.1 | GET      "/sellpump/api/produk/v1/getproduk"
[GIN-debug] [WARNING] Creating an Engine instance with the Logger and Recovery middleware already attached.

[GIN-debug] [WARNING] Running in "debug" mode. Switch to "release" mode in production.
 - using env:	export GIN_MODE=release
 - using code:	gin.SetMode(gin.ReleaseMode)

[GIN-debug] GET    /sellpump/api/produk/v1/getproduk --> produk_microservice/controllers.(*Produk).GetDataProduk-fm (4 handlers)
[GIN-debug] GET    /swagger/*any             --> github.com/swaggo/gin-swagger.CustomWrapHandler.func1 (4 handlers)
[GIN-debug] [WARNING] You trusted all proxies, this is NOT safe. We recommend you to set a value.
Please check https://pkg.go.dev/github.com/gin-gonic/gin#readme-don-t-trust-all-proxies for details.
[GIN-debug] Listening and serving HTTP on :2209
[GIN] 2021/12/03 - 17:20:58 | 200 |      72.771ms |       127.0.0.1 | GET      "/sellpump/api/produk/v1/getproduk"
[GIN] 2021/12/03 - 17:23:34 | 200 |      96.581ms |       127.0.0.1 | GET      "/sellpump/api/produk/v1/getproduk"
[GIN-debug] [WARNING] Creating an Engine instance with the Logger and Recovery middleware already attached.

[GIN-debug] [WARNING] Running in "debug" mode. Switch to "release" mode in production.
 - using env:	export GIN_MODE=release
 - using code:	gin.SetMode(gin.ReleaseMode)

[GIN-debug] GET    /sellpump/api/produk/v1/getproduk --> produk_microservice/controllers.(*Produk).GetDataProduk-fm (4 handlers)
[GIN-debug] GET    /swagger/*any             --> github.com/swaggo/gin-swagger.CustomWrapHandler.func1 (4 handlers)
[GIN-debug] [WARNING] You trusted all proxies, this is NOT safe. We recommend you to set a value.
Please check https://pkg.go.dev/github.com/gin-gonic/gin#readme-don-t-trust-all-proxies for details.
[GIN-debug] Listening and serving HTTP on :2209
[GIN] 2021/12/04 - 00:22:15 | 200 |     81.7442ms |       127.0.0.1 | GET      "/sellpump/api/produk/v1/getproduk"
[GIN-debug] [WARNING] Creating an Engine instance with the Logger and Recovery middleware already attached.

[GIN-debug] [WARNING] Running in "debug" mode. Switch to "release" mode in production.
 - using env:	export GIN_MODE=release
 - using code:	gin.SetMode(gin.ReleaseMode)

[GIN-debug] GET    /sellpump/api/produk/v1/getproduk --> produk_microservice/controllers.(*Produk).GetDataProduk-fm (4 handlers)
[GIN-debug] POST   /sellpump/api/produk/v1/create --> produk_microservice/controllers.(*Produk).ProdukCreate-fm (4 handlers)
[GIN-debug] GET    /swagger/*any             --> github.com/swaggo/gin-swagger.CustomWrapHandler.func1 (4 handlers)
[GIN-debug] [WARNING] You trusted all proxies, this is NOT safe. We recommend you to set a value.
Please check https://pkg.go.dev/github.com/gin-gonic/gin#readme-don-t-trust-all-proxies for details.
[GIN-debug] Listening and serving HTTP on :2209
[GIN] 2021/12/04 - 00:40:48 | 200 |     83.4887ms |       127.0.0.1 | GET      "/sellpump/api/produk/v1/getproduk"
[GIN-debug] [WARNING] Creating an Engine instance with the Logger and Recovery middleware already attached.

[GIN-debug] [WARNING] Running in "debug" mode. Switch to "release" mode in production.
 - using env:	export GIN_MODE=release
 - using code:	gin.SetMode(gin.ReleaseMode)

[GIN-debug] GET    /sellpump/api/produk/v1/getproduk --> produk_microservice/controllers.(*Produk).GetDataProduk-fm (4 handlers)
[GIN-debug] POST   /sellpump/api/produk/v1/create --> produk_microservice/controllers.(*Produk).ProdukCreate-fm (4 handlers)
[GIN-debug] GET    /swagger/*any             --> github.com/swaggo/gin-swagger.CustomWrapHandler.func1 (4 handlers)
[GIN-debug] [WARNING] You trusted all proxies, this is NOT safe. We recommend you to set a value.
Please check https://pkg.go.dev/github.com/gin-gonic/gin#readme-don-t-trust-all-proxies for details.
[GIN-debug] Listening and serving HTTP on :2209
[GIN] 2021/12/04 - 00:50:29 | 200 |    151.8405ms |       127.0.0.1 | POST     "/sellpump/api/produk/v1/create"
[GIN] 2021/12/04 - 00:50:45 | 200 |     85.6773ms |       127.0.0.1 | GET      "/sellpump/api/produk/v1/getproduk"
[GIN-debug] [WARNING] Creating an Engine instance with the Logger and Recovery middleware already attached.

[GIN-debug] [WARNING] Running in "debug" mode. Switch to "release" mode in production.
 - using env:	export GIN_MODE=release
 - using code:	gin.SetMode(gin.ReleaseMode)

[GIN-debug] GET    /sellpump/api/produk/v1/getproduk --> produk_microservice/controllers.(*Produk).GetDataProduk-fm (4 handlers)
[GIN-debug] POST   /sellpump/api/produk/v1/create --> produk_microservice/controllers.(*Produk).ProdukCreate-fm (4 handlers)
[GIN-debug] DELETE /sellpump/api/produk/v1/delete --> produk_microservice/controllers.(*Produk).ProdukDelete-fm (4 handlers)
[GIN-debug] GET    /swagger/*any             --> github.com/swaggo/gin-swagger.CustomWrapHandler.func1 (4 handlers)
[GIN-debug] [WARNING] You trusted all proxies, this is NOT safe. We recommend you to set a value.
Please check https://pkg.go.dev/github.com/gin-gonic/gin#readme-don-t-trust-all-proxies for details.
[GIN-debug] Listening and serving HTTP on :2209
[GIN] 2021/12/04 - 01:01:58 | 200 |    135.4929ms |       127.0.0.1 | GET      "/sellpump/api/produk/v1/getproduk"
[GIN] 2021/12/04 - 01:02:20 | 500 |    140.1009ms |       127.0.0.1 | DELETE   "/sellpump/api/produk/v1/delete?id_produk=tghd86hy-yane-jdu7-yahd-nb7ydyh68iht"
[GIN-debug] [WARNING] Creating an Engine instance with the Logger and Recovery middleware already attached.

[GIN-debug] [WARNING] Running in "debug" mode. Switch to "release" mode in production.
 - using env:	export GIN_MODE=release
 - using code:	gin.SetMode(gin.ReleaseMode)

[GIN-debug] GET    /sellpump/api/produk/v1/getproduk --> produk_microservice/controllers.(*Produk).GetDataProduk-fm (4 handlers)
[GIN-debug] POST   /sellpump/api/produk/v1/create --> produk_microservice/controllers.(*Produk).ProdukCreate-fm (4 handlers)
[GIN-debug] DELETE /sellpump/api/produk/v1/delete --> produk_microservice/controllers.(*Produk).ProdukDelete-fm (4 handlers)
[GIN-debug] GET    /swagger/*any             --> github.com/swaggo/gin-swagger.CustomWrapHandler.func1 (4 handlers)
[GIN-debug] [WARNING] You trusted all proxies, this is NOT safe. We recommend you to set a value.
Please check https://pkg.go.dev/github.com/gin-gonic/gin#readme-don-t-trust-all-proxies for details.
[GIN-debug] Listening and serving HTTP on :2209
[GIN] 2021/12/04 - 01:03:49 | 200 |    134.2413ms |       127.0.0.1 | DELETE   "/sellpump/api/produk/v1/delete?id_produk=tghd86hy-yane-jdu7-yahd-nb7ydyh68iht"
[GIN] 2021/12/04 - 01:04:08 | 200 |     88.0746ms |       127.0.0.1 | GET      "/sellpump/api/produk/v1/getproduk"
[GIN-debug] [WARNING] Creating an Engine instance with the Logger and Recovery middleware already attached.

[GIN-debug] [WARNING] Running in "debug" mode. Switch to "release" mode in production.
 - using env:	export GIN_MODE=release
 - using code:	gin.SetMode(gin.ReleaseMode)

[GIN-debug] GET    /sellpump/api/produk/v1/getproduk --> produk_microservice/controllers.(*Produk).GetDataProduk-fm (4 handlers)
[GIN-debug] POST   /sellpump/api/produk/v1/create --> produk_microservice/controllers.(*Produk).ProdukCreate-fm (4 handlers)
[GIN-debug] PUT    /sellpump/api/produk/v1/update --> produk_microservice/controllers.(*Produk).ProdukUpdate-fm (4 handlers)
[GIN-debug] DELETE /sellpump/api/produk/v1/delete --> produk_microservice/controllers.(*Produk).ProdukDelete-fm (4 handlers)
[GIN-debug] GET    /swagger/*any             --> github.com/swaggo/gin-swagger.CustomWrapHandler.func1 (4 handlers)
[GIN-debug] [WARNING] You trusted all proxies, this is NOT safe. We recommend you to set a value.
Please check https://pkg.go.dev/github.com/gin-gonic/gin#readme-don-t-trust-all-proxies for details.
[GIN-debug] Listening and serving HTTP on :2209
[GIN] 2021/12/04 - 01:17:45 | 200 |     74.8997ms |       127.0.0.1 | GET      "/sellpump/api/produk/v1/getproduk"
[GIN] 2021/12/04 - 01:18:48 | 200 |     136.616ms |       127.0.0.1 | PUT      "/sellpump/api/produk/v1/update"
[GIN] 2021/12/04 - 01:19:04 | 200 |    190.7803ms |       127.0.0.1 | PUT      "/sellpump/api/produk/v1/update"
[GIN] 2021/12/04 - 01:20:16 | 200 |    152.4252ms |       127.0.0.1 | PUT      "/sellpump/api/produk/v1/update"
[GIN] 2021/12/04 - 01:20:38 | 200 |    150.4213ms |       127.0.0.1 | PUT      "/sellpump/api/produk/v1/update"
[GIN-debug] [WARNING] Creating an Engine instance with the Logger and Recovery middleware already attached.

[GIN-debug] [WARNING] Running in "debug" mode. Switch to "release" mode in production.
 - using env:	export GIN_MODE=release
 - using code:	gin.SetMode(gin.ReleaseMode)

[GIN-debug] GET    /sellpump/api/produk/v1/getproduk --> produk_microservice/controllers.(*Produk).GetDataProduk-fm (4 handlers)
[GIN-debug] POST   /sellpump/api/produk/v1/create --> produk_microservice/controllers.(*Produk).ProdukCreate-fm (4 handlers)
[GIN-debug] PUT    /sellpump/api/produk/v1/update --> produk_microservice/controllers.(*Produk).ProdukUpdate-fm (4 handlers)
[GIN-debug] DELETE /sellpump/api/produk/v1/delete --> produk_microservice/controllers.(*Produk).ProdukDelete-fm (4 handlers)
[GIN-debug] GET    /swagger/*any             --> github.com/swaggo/gin-swagger.CustomWrapHandler.func1 (4 handlers)
[GIN-debug] [WARNING] You trusted all proxies, this is NOT safe. We recommend you to set a value.
Please check https://pkg.go.dev/github.com/gin-gonic/gin#readme-don-t-trust-all-proxies for details.
[GIN-debug] Listening and serving HTTP on :2209
[GIN] 2021/12/04 - 01:22:28 | 200 |    190.0231ms |       127.0.0.1 | PUT      "/sellpump/api/produk/v1/update"
[GIN] 2021/12/04 - 01:27:37 | 200 |     195.865ms |       127.0.0.1 | PUT      "/sellpump/api/produk/v1/update"
[GIN-debug] [WARNING] Creating an Engine instance with the Logger and Recovery middleware already attached.

[GIN-debug] [WARNING] Running in "debug" mode. Switch to "release" mode in production.
 - using env:	export GIN_MODE=release
 - using code:	gin.SetMode(gin.ReleaseMode)

[GIN-debug] GET    /sellpump/api/produk/photo/*filepath --> github.com/gin-gonic/gin.(*RouterGroup).createStaticHandler.func1 (4 handlers)
[GIN-debug] HEAD   /sellpump/api/produk/photo/*filepath --> github.com/gin-gonic/gin.(*RouterGroup).createStaticHandler.func1 (4 handlers)
[GIN-debug] GET    /sellpump/api/produk/v1/getproduk --> produk_microservice/controllers.(*Produk).GetDataProduk-fm (4 handlers)
[GIN-debug] POST   /sellpump/api/produk/v1/create --> produk_microservice/controllers.(*Produk).ProdukCreate-fm (4 handlers)
[GIN-debug] PUT    /sellpump/api/produk/v1/update --> produk_microservice/controllers.(*Produk).ProdukUpdate-fm (4 handlers)
[GIN-debug] DELETE /sellpump/api/produk/v1/delete --> produk_microservice/controllers.(*Produk).ProdukDelete-fm (4 handlers)
[GIN-debug] GET    /swagger/*any             --> github.com/swaggo/gin-swagger.CustomWrapHandler.func1 (4 handlers)
[GIN-debug] [WARNING] You trusted all proxies, this is NOT safe. We recommend you to set a value.
Please check https://pkg.go.dev/github.com/gin-gonic/gin#readme-don-t-trust-all-proxies for details.
[GIN-debug] Listening and serving HTTP on :2209
[GIN] 2021/12/04 - 01:31:26 | 200 |    153.0704ms |       127.0.0.1 | PUT      "/sellpump/api/produk/v1/update"
[GIN-debug] [WARNING] Creating an Engine instance with the Logger and Recovery middleware already attached.

[GIN-debug] [WARNING] Running in "debug" mode. Switch to "release" mode in production.
 - using env:	export GIN_MODE=release
 - using code:	gin.SetMode(gin.ReleaseMode)

[GIN-debug] GET    /sellpump/api/produk/photo/*filepath --> github.com/gin-gonic/gin.(*RouterGroup).createStaticHandler.func1 (4 handlers)
[GIN-debug] HEAD   /sellpump/api/produk/photo/*filepath --> github.com/gin-gonic/gin.(*RouterGroup).createStaticHandler.func1 (4 handlers)
[GIN-debug] GET    /sellpump/api/produk/v1/getproduk --> produk_microservice/controllers.(*Produk).GetDataProduk-fm (4 handlers)
[GIN-debug] POST   /sellpump/api/produk/v1/create --> produk_microservice/controllers.(*Produk).ProdukCreate-fm (4 handlers)
[GIN-debug] PUT    /sellpump/api/produk/v1/update --> produk_microservice/controllers.(*Produk).ProdukUpdate-fm (4 handlers)
[GIN-debug] DELETE /sellpump/api/produk/v1/delete --> produk_microservice/controllers.(*Produk).ProdukDelete-fm (4 handlers)
[GIN-debug] GET    /swagger/*any             --> github.com/swaggo/gin-swagger.CustomWrapHandler.func1 (4 handlers)
[GIN-debug] [WARNING] You trusted all proxies, this is NOT safe. We recommend you to set a value.
Please check https://pkg.go.dev/github.com/gin-gonic/gin#readme-don-t-trust-all-proxies for details.
[GIN-debug] Listening and serving HTTP on :2209
[GIN-debug] [WARNING] Creating an Engine instance with the Logger and Recovery middleware already attached.

[GIN-debug] [WARNING] Running in "debug" mode. Switch to "release" mode in production.
 - using env:	export GIN_MODE=release
 - using code:	gin.SetMode(gin.ReleaseMode)

[GIN-debug] GET    /sellpump/api/produk/photo/*filepath --> github.com/gin-gonic/gin.(*RouterGroup).createStaticHandler.func1 (4 handlers)
[GIN-debug] HEAD   /sellpump/api/produk/photo/*filepath --> github.com/gin-gonic/gin.(*RouterGroup).createStaticHandler.func1 (4 handlers)
[GIN-debug] GET    /sellpump/api/produk/v1/getproduk --> produk_microservice/controllers.(*Produk).GetDataProduk-fm (4 handlers)
[GIN-debug] POST   /sellpump/api/produk/v1/create --> produk_microservice/controllers.(*Produk).ProdukCreate-fm (4 handlers)
[GIN-debug] PUT    /sellpump/api/produk/v1/update --> produk_microservice/controllers.(*Produk).ProdukUpdate-fm (4 handlers)
[GIN-debug] DELETE /sellpump/api/produk/v1/delete --> produk_microservice/controllers.(*Produk).ProdukDelete-fm (4 handlers)
[GIN-debug] GET    /swagger/*any             --> github.com/swaggo/gin-swagger.CustomWrapHandler.func1 (4 handlers)
[GIN-debug] [WARNING] You trusted all proxies, this is NOT safe. We recommend you to set a value.
Please check https://pkg.go.dev/github.com/gin-gonic/gin#readme-don-t-trust-all-proxies for details.
[GIN-debug] Listening and serving HTTP on :2209
[GIN] 2021/12/04 - 01:32:02 | 200 |    177.7063ms |       127.0.0.1 | PUT      "/sellpump/api/produk/v1/update"
[GIN] 2021/12/04 - 01:32:30 | 200 |      69.781ms |       127.0.0.1 | GET      "/sellpump/api/produk/photo///produk//update_woylahqwerty123440t5.png"
[GIN] 2021/12/04 - 01:33:13 | 200 |    160.7409ms |       127.0.0.1 | PUT      "/sellpump/api/produk/v1/update"
[GIN] 2021/12/04 - 01:33:25 | 200 |      9.0958ms |       127.0.0.1 | GET      "/sellpump/api/produk/photo///produk//update_woylah_hhhqwerty123440t5.jpeg"
[GIN] 2021/12/04 - 01:34:50 | 200 |     85.1716ms |       127.0.0.1 | GET      "/sellpump/api/produk/v1/getproduk"
[GIN-debug] [WARNING] Creating an Engine instance with the Logger and Recovery middleware already attached.

[GIN-debug] [WARNING] Running in "debug" mode. Switch to "release" mode in production.
 - using env:	export GIN_MODE=release
 - using code:	gin.SetMode(gin.ReleaseMode)

[GIN-debug] GET    /sellpump/api/produk/photo/*filepath --> github.com/gin-gonic/gin.(*RouterGroup).createStaticHandler.func1 (4 handlers)
[GIN-debug] HEAD   /sellpump/api/produk/photo/*filepath --> github.com/gin-gonic/gin.(*RouterGroup).createStaticHandler.func1 (4 handlers)
[GIN-debug] GET    /sellpump/api/produk/v1/getproduk --> produk_microservice/controllers.(*Produk).GetDataProduk-fm (4 handlers)
[GIN-debug] POST   /sellpump/api/produk/v1/create --> produk_microservice/controllers.(*Produk).ProdukCreate-fm (4 handlers)
[GIN-debug] PUT    /sellpump/api/produk/v1/update --> produk_microservice/controllers.(*Produk).ProdukUpdate-fm (4 handlers)
[GIN-debug] DELETE /sellpump/api/produk/v1/delete --> produk_microservice/controllers.(*Produk).ProdukDelete-fm (4 handlers)
[GIN-debug] GET    /swagger/*any             --> github.com/swaggo/gin-swagger.CustomWrapHandler.func1 (4 handlers)
[GIN-debug] [WARNING] You trusted all proxies, this is NOT safe. We recommend you to set a value.
Please check https://pkg.go.dev/github.com/gin-gonic/gin#readme-don-t-trust-all-proxies for details.
[GIN-debug] Listening and serving HTTP on :2209
[GIN] 2021/12/06 - 10:28:09 | 200 |    546.0228ms |       127.0.0.1 | POST     "/sellpump/api/produk/v1/create"
[GIN] 2021/12/06 - 10:30:35 | 200 |    727.8564ms |       127.0.0.1 | PUT      "/sellpump/api/produk/v1/update"
[GIN-debug] [WARNING] Creating an Engine instance with the Logger and Recovery middleware already attached.

[GIN-debug] [WARNING] Running in "debug" mode. Switch to "release" mode in production.
 - using env:	export GIN_MODE=release
 - using code:	gin.SetMode(gin.ReleaseMode)

[GIN-debug] GET    /sellpump/api/produk/photo/*filepath --> github.com/gin-gonic/gin.(*RouterGroup).createStaticHandler.func1 (4 handlers)
[GIN-debug] HEAD   /sellpump/api/produk/photo/*filepath --> github.com/gin-gonic/gin.(*RouterGroup).createStaticHandler.func1 (4 handlers)
[GIN-debug] GET    /sellpump/api/produk/v1/getproduk --> produk_microservice/controllers.(*Produk).GetDataProduk-fm (4 handlers)
[GIN-debug] POST   /sellpump/api/produk/v1/create --> produk_microservice/controllers.(*Produk).ProdukCreate-fm (4 handlers)
[GIN-debug] PUT    /sellpump/api/produk/v1/update --> produk_microservice/controllers.(*Produk).ProdukUpdate-fm (4 handlers)
[GIN-debug] DELETE /sellpump/api/produk/v1/delete --> produk_microservice/controllers.(*Produk).ProdukDelete-fm (4 handlers)
[GIN-debug] GET    /swagger/*any             --> github.com/swaggo/gin-swagger.CustomWrapHandler.func1 (4 handlers)
[GIN-debug] [WARNING] You trusted all proxies, this is NOT safe. We recommend you to set a value.
Please check https://pkg.go.dev/github.com/gin-gonic/gin#readme-don-t-trust-all-proxies for details.
[GIN-debug] Listening and serving HTTP on :2209
[GIN] 2021/12/06 - 10:34:24 | 200 |    146.9195ms |       127.0.0.1 | PUT      "/sellpump/api/produk/v1/update"
[GIN] 2021/12/06 - 10:34:45 | 200 |    170.5614ms |       127.0.0.1 | PUT      "/sellpump/api/produk/v1/update"
[GIN] 2021/12/06 - 10:34:57 | 200 |    129.7004ms |       127.0.0.1 | PUT      "/sellpump/api/produk/v1/update"
[GIN-debug] [WARNING] Creating an Engine instance with the Logger and Recovery middleware already attached.

[GIN-debug] [WARNING] Running in "debug" mode. Switch to "release" mode in production.
 - using env:	export GIN_MODE=release
 - using code:	gin.SetMode(gin.ReleaseMode)

[GIN-debug] GET    /sellpump/api/produk/photo/*filepath --> github.com/gin-gonic/gin.(*RouterGroup).createStaticHandler.func1 (4 handlers)
[GIN-debug] HEAD   /sellpump/api/produk/photo/*filepath --> github.com/gin-gonic/gin.(*RouterGroup).createStaticHandler.func1 (4 handlers)
[GIN-debug] GET    /sellpump/api/produk/v1/getproduk --> produk_microservice/controllers.(*Produk).GetDataProduk-fm (4 handlers)
[GIN-debug] POST   /sellpump/api/produk/v1/create --> produk_microservice/controllers.(*Produk).ProdukCreate-fm (4 handlers)
[GIN-debug] PUT    /sellpump/api/produk/v1/update --> produk_microservice/controllers.(*Produk).ProdukUpdate-fm (4 handlers)
[GIN-debug] DELETE /sellpump/api/produk/v1/delete --> produk_microservice/controllers.(*Produk).ProdukDelete-fm (4 handlers)
[GIN-debug] GET    /swagger/*any             --> github.com/swaggo/gin-swagger.CustomWrapHandler.func1 (4 handlers)
[GIN-debug] [WARNING] You trusted all proxies, this is NOT safe. We recommend you to set a value.
Please check https://pkg.go.dev/github.com/gin-gonic/gin#readme-don-t-trust-all-proxies for details.
[GIN-debug] Listening and serving HTTP on :2209
[GIN] 2021/12/06 - 10:40:54 | 200 |    277.3078ms |       127.0.0.1 | PUT      "/sellpump/api/produk/v1/update"
[GIN-debug] [WARNING] Creating an Engine instance with the Logger and Recovery middleware already attached.

[GIN-debug] [WARNING] Running in "debug" mode. Switch to "release" mode in production.
 - using env:	export GIN_MODE=release
 - using code:	gin.SetMode(gin.ReleaseMode)

[GIN-debug] GET    /sellpump/api/produk/photo/*filepath --> github.com/gin-gonic/gin.(*RouterGroup).createStaticHandler.func1 (4 handlers)
[GIN-debug] HEAD   /sellpump/api/produk/photo/*filepath --> github.com/gin-gonic/gin.(*RouterGroup).createStaticHandler.func1 (4 handlers)
[GIN-debug] GET    /sellpump/api/produk/v1/getproduk --> produk_microservice/controllers.(*Produk).GetDataProduk-fm (4 handlers)
[GIN-debug] POST   /sellpump/api/produk/v1/create --> produk_microservice/controllers.(*Produk).ProdukCreate-fm (4 handlers)
[GIN-debug] PUT    /sellpump/api/produk/v1/update --> produk_microservice/controllers.(*Produk).ProdukUpdate-fm (4 handlers)
[GIN-debug] DELETE /sellpump/api/produk/v1/delete --> produk_microservice/controllers.(*Produk).ProdukDelete-fm (4 handlers)
[GIN-debug] GET    /swagger/*any             --> github.com/swaggo/gin-swagger.CustomWrapHandler.func1 (4 handlers)
[GIN-debug] [WARNING] You trusted all proxies, this is NOT safe. We recommend you to set a value.
Please check https://pkg.go.dev/github.com/gin-gonic/gin#readme-don-t-trust-all-proxies for details.
[GIN-debug] Listening and serving HTTP on :2209
[GIN] 2021/12/06 - 11:06:38 | 200 |    285.4258ms |       127.0.0.1 | PUT      "/sellpump/api/produk/v1/update"
[GIN] 2021/12/06 - 11:06:48 | 200 |    449.2462ms |       127.0.0.1 | PUT      "/sellpump/api/produk/v1/update"
[GIN-debug] [WARNING] Creating an Engine instance with the Logger and Recovery middleware already attached.

[GIN-debug] [WARNING] Running in "debug" mode. Switch to "release" mode in production.
 - using env:	export GIN_MODE=release
 - using code:	gin.SetMode(gin.ReleaseMode)

[GIN-debug] GET    /sellpump/api/produk/photo/*filepath --> github.com/gin-gonic/gin.(*RouterGroup).createStaticHandler.func1 (4 handlers)
[GIN-debug] HEAD   /sellpump/api/produk/photo/*filepath --> github.com/gin-gonic/gin.(*RouterGroup).createStaticHandler.func1 (4 handlers)
[GIN-debug] GET    /sellpump/api/produk/v1/getproduk --> produk_microservice/controllers.(*Produk).GetDataProduk-fm (4 handlers)
[GIN-debug] POST   /sellpump/api/produk/v1/create --> produk_microservice/controllers.(*Produk).ProdukCreate-fm (4 handlers)
[GIN-debug] PUT    /sellpump/api/produk/v1/update --> produk_microservice/controllers.(*Produk).ProdukUpdate-fm (4 handlers)
[GIN-debug] DELETE /sellpump/api/produk/v1/delete --> produk_microservice/controllers.(*Produk).ProdukDelete-fm (4 handlers)
[GIN-debug] GET    /swagger/*any             --> github.com/swaggo/gin-swagger.CustomWrapHandler.func1 (4 handlers)
[GIN-debug] [WARNING] You trusted all proxies, this is NOT safe. We recommend you to set a value.
Please check https://pkg.go.dev/github.com/gin-gonic/gin#readme-don-t-trust-all-proxies for details.
[GIN-debug] Listening and serving HTTP on :2209
[GIN] 2021/12/06 - 11:08:19 | 200 |     227.267ms |       127.0.0.1 | PUT      "/sellpump/api/produk/v1/update"
[GIN] 2021/12/06 - 11:08:28 | 200 |    639.4698ms |       127.0.0.1 | PUT      "/sellpump/api/produk/v1/update"
[GIN] 2021/12/06 - 11:08:35 | 200 |    327.0248ms |       127.0.0.1 | PUT      "/sellpump/api/produk/v1/update"
[GIN] 2021/12/06 - 11:08:50 | 400 |            0s |       127.0.0.1 | PUT      "/sellpump/api/produk/v1/update"
[GIN-debug] [WARNING] Creating an Engine instance with the Logger and Recovery middleware already attached.

[GIN-debug] [WARNING] Running in "debug" mode. Switch to "release" mode in production.
 - using env:	export GIN_MODE=release
 - using code:	gin.SetMode(gin.ReleaseMode)

[GIN-debug] GET    /sellpump/api/produk/photo/*filepath --> github.com/gin-gonic/gin.(*RouterGroup).createStaticHandler.func1 (4 handlers)
[GIN-debug] HEAD   /sellpump/api/produk/photo/*filepath --> github.com/gin-gonic/gin.(*RouterGroup).createStaticHandler.func1 (4 handlers)
[GIN-debug] GET    /sellpump/api/produk/v1/getproduk --> produk_microservice/controllers.(*Produk).GetDataProduk-fm (4 handlers)
[GIN-debug] POST   /sellpump/api/produk/v1/create --> produk_microservice/controllers.(*Produk).ProdukCreate-fm (4 handlers)
[GIN-debug] PUT    /sellpump/api/produk/v1/update --> produk_microservice/controllers.(*Produk).ProdukUpdate-fm (4 handlers)
[GIN-debug] DELETE /sellpump/api/produk/v1/delete --> produk_microservice/controllers.(*Produk).ProdukDelete-fm (4 handlers)
[GIN-debug] GET    /swagger/*any             --> github.com/swaggo/gin-swagger.CustomWrapHandler.func1 (4 handlers)
[GIN-debug] [WARNING] You trusted all proxies, this is NOT safe. We recommend you to set a value.
Please check https://pkg.go.dev/github.com/gin-gonic/gin#readme-don-t-trust-all-proxies for details.
[GIN-debug] Listening and serving HTTP on :2209
[GIN] 2021/12/06 - 11:10:08 | 400 |      1.0047ms |       127.0.0.1 | PUT      "/sellpump/api/produk/v1/update"
[GIN] 2021/12/06 - 11:10:30 | 400 |      5.3458ms |       127.0.0.1 | PUT      "/sellpump/api/produk/v1/update"
[GIN-debug] [WARNING] Creating an Engine instance with the Logger and Recovery middleware already attached.

[GIN-debug] [WARNING] Running in "debug" mode. Switch to "release" mode in production.
 - using env:	export GIN_MODE=release
 - using code:	gin.SetMode(gin.ReleaseMode)

[GIN-debug] GET    /sellpump/api/produk/photo/*filepath --> github.com/gin-gonic/gin.(*RouterGroup).createStaticHandler.func1 (4 handlers)
[GIN-debug] HEAD   /sellpump/api/produk/photo/*filepath --> github.com/gin-gonic/gin.(*RouterGroup).createStaticHandler.func1 (4 handlers)
[GIN-debug] GET    /sellpump/api/produk/v1/getproduk --> produk_microservice/controllers.(*Produk).GetDataProduk-fm (4 handlers)
[GIN-debug] POST   /sellpump/api/produk/v1/create --> produk_microservice/controllers.(*Produk).ProdukCreate-fm (4 handlers)
[GIN-debug] PUT    /sellpump/api/produk/v1/update --> produk_microservice/controllers.(*Produk).ProdukUpdate-fm (4 handlers)
[GIN-debug] DELETE /sellpump/api/produk/v1/delete --> produk_microservice/controllers.(*Produk).ProdukDelete-fm (4 handlers)
[GIN-debug] GET    /swagger/*any             --> github.com/swaggo/gin-swagger.CustomWrapHandler.func1 (4 handlers)
[GIN-debug] [WARNING] You trusted all proxies, this is NOT safe. We recommend you to set a value.
Please check https://pkg.go.dev/github.com/gin-gonic/gin#readme-don-t-trust-all-proxies for details.
[GIN-debug] Listening and serving HTTP on :2209
[GIN] 2021/12/06 - 11:15:02 | 400 |      1.0051ms |       127.0.0.1 | PUT      "/sellpump/api/produk/v1/update"
[GIN-debug] [WARNING] Creating an Engine instance with the Logger and Recovery middleware already attached.

[GIN-debug] [WARNING] Running in "debug" mode. Switch to "release" mode in production.
 - using env:	export GIN_MODE=release
 - using code:	gin.SetMode(gin.ReleaseMode)

[GIN-debug] GET    /sellpump/api/produk/photo/*filepath --> github.com/gin-gonic/gin.(*RouterGroup).createStaticHandler.func1 (4 handlers)
[GIN-debug] HEAD   /sellpump/api/produk/photo/*filepath --> github.com/gin-gonic/gin.(*RouterGroup).createStaticHandler.func1 (4 handlers)
[GIN-debug] GET    /sellpump/api/produk/v1/getproduk --> produk_microservice/controllers.(*Produk).GetDataProduk-fm (4 handlers)
[GIN-debug] POST   /sellpump/api/produk/v1/create --> produk_microservice/controllers.(*Produk).ProdukCreate-fm (4 handlers)
[GIN-debug] PUT    /sellpump/api/produk/v1/update --> produk_microservice/controllers.(*Produk).ProdukUpdate-fm (4 handlers)
[GIN-debug] DELETE /sellpump/api/produk/v1/delete --> produk_microservice/controllers.(*Produk).ProdukDelete-fm (4 handlers)
[GIN-debug] GET    /swagger/*any             --> github.com/swaggo/gin-swagger.CustomWrapHandler.func1 (4 handlers)
[GIN-debug] [WARNING] You trusted all proxies, this is NOT safe. We recommend you to set a value.
Please check https://pkg.go.dev/github.com/gin-gonic/gin#readme-don-t-trust-all-proxies for details.
[GIN-debug] Listening and serving HTTP on :2209
[GIN] 2021/12/06 - 11:15:29 | 400 |       5.951ms |       127.0.0.1 | PUT      "/sellpump/api/produk/v1/update"
[GIN] 2021/12/06 - 11:15:31 | 400 |         613µs |       127.0.0.1 | PUT      "/sellpump/api/produk/v1/update"
[GIN-debug] [WARNING] Creating an Engine instance with the Logger and Recovery middleware already attached.

[GIN-debug] [WARNING] Running in "debug" mode. Switch to "release" mode in production.
 - using env:	export GIN_MODE=release
 - using code:	gin.SetMode(gin.ReleaseMode)

[GIN-debug] GET    /sellpump/api/produk/photo/*filepath --> github.com/gin-gonic/gin.(*RouterGroup).createStaticHandler.func1 (4 handlers)
[GIN-debug] HEAD   /sellpump/api/produk/photo/*filepath --> github.com/gin-gonic/gin.(*RouterGroup).createStaticHandler.func1 (4 handlers)
[GIN-debug] GET    /sellpump/api/produk/v1/getproduk --> produk_microservice/controllers.(*Produk).GetDataProduk-fm (4 handlers)
[GIN-debug] POST   /sellpump/api/produk/v1/create --> produk_microservice/controllers.(*Produk).ProdukCreate-fm (4 handlers)
[GIN-debug] PUT    /sellpump/api/produk/v1/update --> produk_microservice/controllers.(*Produk).ProdukUpdate-fm (4 handlers)
[GIN-debug] DELETE /sellpump/api/produk/v1/delete --> produk_microservice/controllers.(*Produk).ProdukDelete-fm (4 handlers)
[GIN-debug] GET    /swagger/*any             --> github.com/swaggo/gin-swagger.CustomWrapHandler.func1 (4 handlers)
[GIN-debug] [WARNING] You trusted all proxies, this is NOT safe. We recommend you to set a value.
Please check https://pkg.go.dev/github.com/gin-gonic/gin#readme-don-t-trust-all-proxies for details.
[GIN-debug] Listening and serving HTTP on :2209
[GIN] 2021/12/06 - 11:17:10 | 200 |    229.6839ms |       127.0.0.1 | PUT      "/sellpump/api/produk/v1/update"
[GIN] 2021/12/06 - 11:17:34 | 200 |    306.6574ms |       127.0.0.1 | PUT      "/sellpump/api/produk/v1/update"
[GIN] 2021/12/06 - 11:17:54 | 200 |    691.3731ms |       127.0.0.1 | PUT      "/sellpump/api/produk/v1/update"
[GIN] 2021/12/06 - 11:18:02 | 200 |    298.5331ms |       127.0.0.1 | PUT      "/sellpump/api/produk/v1/update"
[GIN] 2021/12/06 - 11:19:34 | 500 |      4.2876ms |       127.0.0.1 | POST     "/sellpump/api/produk/v1/create"
[GIN-debug] [WARNING] Creating an Engine instance with the Logger and Recovery middleware already attached.

[GIN-debug] [WARNING] Running in "debug" mode. Switch to "release" mode in production.
 - using env:	export GIN_MODE=release
 - using code:	gin.SetMode(gin.ReleaseMode)

[GIN-debug] GET    /sellpump/api/produk/photo/*filepath --> github.com/gin-gonic/gin.(*RouterGroup).createStaticHandler.func1 (4 handlers)
[GIN-debug] HEAD   /sellpump/api/produk/photo/*filepath --> github.com/gin-gonic/gin.(*RouterGroup).createStaticHandler.func1 (4 handlers)
[GIN-debug] GET    /sellpump/api/produk/v1/getproduk --> produk_microservice/controllers.(*Produk).GetDataProduk-fm (4 handlers)
[GIN-debug] POST   /sellpump/api/produk/v1/create --> produk_microservice/controllers.(*Produk).ProdukCreate-fm (4 handlers)
[GIN-debug] PUT    /sellpump/api/produk/v1/update --> produk_microservice/controllers.(*Produk).ProdukUpdate-fm (4 handlers)
[GIN-debug] DELETE /sellpump/api/produk/v1/delete --> produk_microservice/controllers.(*Produk).ProdukDelete-fm (4 handlers)
[GIN-debug] GET    /swagger/*any             --> github.com/swaggo/gin-swagger.CustomWrapHandler.func1 (4 handlers)
[GIN-debug] [WARNING] You trusted all proxies, this is NOT safe. We recommend you to set a value.
Please check https://pkg.go.dev/github.com/gin-gonic/gin#readme-don-t-trust-all-proxies for details.
[GIN-debug] Listening and serving HTTP on :2209
[GIN-debug] [WARNING] Creating an Engine instance with the Logger and Recovery middleware already attached.

[GIN-debug] [WARNING] Running in "debug" mode. Switch to "release" mode in production.
 - using env:	export GIN_MODE=release
 - using code:	gin.SetMode(gin.ReleaseMode)

[GIN-debug] GET    /sellpump/api/produk/photo/*filepath --> github.com/gin-gonic/gin.(*RouterGroup).createStaticHandler.func1 (5 handlers)
[GIN-debug] HEAD   /sellpump/api/produk/photo/*filepath --> github.com/gin-gonic/gin.(*RouterGroup).createStaticHandler.func1 (5 handlers)
[GIN-debug] GET    /sellpump/api/produk/v1/produk/getproduk --> produk_microservice/controllers.(*Produk).GetDataProduk-fm (5 handlers)
[GIN-debug] POST   /sellpump/api/produk/v1/produk/create --> produk_microservice/controllers.(*Produk).ProdukCreate-fm (6 handlers)
[GIN-debug] PUT    /sellpump/api/produk/v1/produk/update --> produk_microservice/controllers.(*Produk).ProdukUpdate-fm (6 handlers)
[GIN-debug] DELETE /sellpump/api/produk/v1/produk/delete --> produk_microservice/controllers.(*Produk).ProdukDelete-fm (6 handlers)
[GIN-debug] GET    /sellpump/api/produk/v1/artikel/getartikel --> produk_microservice/controllers.(*Produk).GetDataArtikel-fm (5 handlers)
[GIN-debug] POST   /sellpump/api/produk/v1/artikel/create --> produk_microservice/controllers.(*Produk).ArtikelCreate-fm (6 handlers)
[GIN-debug] GET    /swagger/*any             --> github.com/swaggo/gin-swagger.CustomWrapHandler.func1 (4 handlers)
[GIN-debug] [WARNING] You trusted all proxies, this is NOT safe. We recommend you to set a value.
Please check https://pkg.go.dev/github.com/gin-gonic/gin#readme-don-t-trust-all-proxies for details.
[GIN-debug] Listening and serving HTTP on :2202
[GIN-debug] [WARNING] Creating an Engine instance with the Logger and Recovery middleware already attached.

[GIN-debug] [WARNING] Running in "debug" mode. Switch to "release" mode in production.
 - using env:	export GIN_MODE=release
 - using code:	gin.SetMode(gin.ReleaseMode)

[GIN-debug] GET    /sellpump/api/produk/photo/*filepath --> github.com/gin-gonic/gin.(*RouterGroup).createStaticHandler.func1 (5 handlers)
[GIN-debug] HEAD   /sellpump/api/produk/photo/*filepath --> github.com/gin-gonic/gin.(*RouterGroup).createStaticHandler.func1 (5 handlers)
[GIN-debug] GET    /sellpump/api/produk/v1/produk/getproduk --> produk_microservice/controllers.(*Produk).GetDataProduk-fm (5 handlers)
[GIN-debug] POST   /sellpump/api/produk/v1/produk/create --> produk_microservice/controllers.(*Produk).ProdukCreate-fm (6 handlers)
[GIN-debug] PUT    /sellpump/api/produk/v1/produk/update --> produk_microservice/controllers.(*Produk).ProdukUpdate-fm (6 handlers)
[GIN-debug] DELETE /sellpump/api/produk/v1/produk/delete --> produk_microservice/controllers.(*Produk).ProdukDelete-fm (6 handlers)
[GIN-debug] GET    /sellpump/api/produk/v1/artikel/getartikel --> produk_microservice/controllers.(*Produk).GetDataArtikel-fm (5 handlers)
[GIN-debug] POST   /sellpump/api/produk/v1/artikel/create --> produk_microservice/controllers.(*Produk).ArtikelCreate-fm (6 handlers)
[GIN-debug] GET    /swagger/*any             --> github.com/swaggo/gin-swagger.CustomWrapHandler.func1 (4 handlers)
[GIN-debug] [WARNING] You trusted all proxies, this is NOT safe. We recommend you to set a value.
Please check https://pkg.go.dev/github.com/gin-gonic/gin#readme-don-t-trust-all-proxies for details.
[GIN-debug] Listening and serving HTTP on :2202
[GIN] 2022/01/11 - 11:03:27 | 500 |    263.6508ms |             ::1 | POST     "/sellpump/api/produk/v1/artikel/create"
[GIN] 2022/01/11 - 11:04:38 | 500 |    494.5926ms |             ::1 | POST     "/sellpump/api/produk/v1/artikel/create"
[GIN-debug] [WARNING] Creating an Engine instance with the Logger and Recovery middleware already attached.

[GIN-debug] [WARNING] Running in "debug" mode. Switch to "release" mode in production.
 - using env:	export GIN_MODE=release
 - using code:	gin.SetMode(gin.ReleaseMode)

[GIN-debug] GET    /sellpump/api/produk/photo/*filepath --> github.com/gin-gonic/gin.(*RouterGroup).createStaticHandler.func1 (5 handlers)
[GIN-debug] HEAD   /sellpump/api/produk/photo/*filepath --> github.com/gin-gonic/gin.(*RouterGroup).createStaticHandler.func1 (5 handlers)
[GIN-debug] GET    /sellpump/api/produk/v1/produk/getproduk --> produk_microservice/controllers.(*Produk).GetDataProduk-fm (5 handlers)
[GIN-debug] POST   /sellpump/api/produk/v1/produk/create --> produk_microservice/controllers.(*Produk).ProdukCreate-fm (6 handlers)
[GIN-debug] PUT    /sellpump/api/produk/v1/produk/update --> produk_microservice/controllers.(*Produk).ProdukUpdate-fm (6 handlers)
[GIN-debug] DELETE /sellpump/api/produk/v1/produk/delete --> produk_microservice/controllers.(*Produk).ProdukDelete-fm (6 handlers)
[GIN-debug] GET    /sellpump/api/produk/v1/artikel/getartikel --> produk_microservice/controllers.(*Produk).GetDataArtikel-fm (5 handlers)
[GIN-debug] POST   /sellpump/api/produk/v1/artikel/create --> produk_microservice/controllers.(*Produk).ArtikelCreate-fm (6 handlers)
[GIN-debug] GET    /swagger/*any             --> github.com/swaggo/gin-swagger.CustomWrapHandler.func1 (4 handlers)
[GIN-debug] [WARNING] You trusted all proxies, this is NOT safe. We recommend you to set a value.
Please check https://pkg.go.dev/github.com/gin-gonic/gin#readme-don-t-trust-all-proxies for details.
[GIN-debug] Listening and serving HTTP on :2202
[GIN] 2022/01/11 - 11:07:12 | 500 |    263.6792ms |             ::1 | POST     "/sellpump/api/produk/v1/artikel/create"
[GIN-debug] [WARNING] Creating an Engine instance with the Logger and Recovery middleware already attached.

[GIN-debug] [WARNING] Running in "debug" mode. Switch to "release" mode in production.
 - using env:	export GIN_MODE=release
 - using code:	gin.SetMode(gin.ReleaseMode)

[GIN-debug] GET    /sellpump/api/produk/photo/*filepath --> github.com/gin-gonic/gin.(*RouterGroup).createStaticHandler.func1 (5 handlers)
[GIN-debug] HEAD   /sellpump/api/produk/photo/*filepath --> github.com/gin-gonic/gin.(*RouterGroup).createStaticHandler.func1 (5 handlers)
[GIN-debug] GET    /sellpump/api/produk/v1/produk/getproduk --> produk_microservice/controllers.(*Produk).GetDataProduk-fm (5 handlers)
[GIN-debug] POST   /sellpump/api/produk/v1/produk/create --> produk_microservice/controllers.(*Produk).ProdukCreate-fm (6 handlers)
[GIN-debug] PUT    /sellpump/api/produk/v1/produk/update --> produk_microservice/controllers.(*Produk).ProdukUpdate-fm (6 handlers)
[GIN-debug] DELETE /sellpump/api/produk/v1/produk/delete --> produk_microservice/controllers.(*Produk).ProdukDelete-fm (6 handlers)
[GIN-debug] GET    /sellpump/api/produk/v1/artikel/getartikel --> produk_microservice/controllers.(*Produk).GetDataArtikel-fm (5 handlers)
[GIN-debug] POST   /sellpump/api/produk/v1/artikel/create --> produk_microservice/controllers.(*Produk).ArtikelCreate-fm (6 handlers)
[GIN-debug] GET    /swagger/*any             --> github.com/swaggo/gin-swagger.CustomWrapHandler.func1 (4 handlers)
[GIN-debug] [WARNING] You trusted all proxies, this is NOT safe. We recommend you to set a value.
Please check https://pkg.go.dev/github.com/gin-gonic/gin#readme-don-t-trust-all-proxies for details.
[GIN-debug] Listening and serving HTTP on :2202
[GIN] 2022/01/11 - 11:09:57 | 500 |     238.597ms |             ::1 | POST     "/sellpump/api/produk/v1/artikel/create"
[GIN] 2022/01/11 - 11:13:14 | 500 |    691.9689ms |             ::1 | POST     "/sellpump/api/produk/v1/artikel/create"
[GIN-debug] [WARNING] Creating an Engine instance with the Logger and Recovery middleware already attached.

[GIN-debug] [WARNING] Running in "debug" mode. Switch to "release" mode in production.
 - using env:	export GIN_MODE=release
 - using code:	gin.SetMode(gin.ReleaseMode)

[GIN-debug] GET    /sellpump/api/produk/photo/*filepath --> github.com/gin-gonic/gin.(*RouterGroup).createStaticHandler.func1 (5 handlers)
[GIN-debug] HEAD   /sellpump/api/produk/photo/*filepath --> github.com/gin-gonic/gin.(*RouterGroup).createStaticHandler.func1 (5 handlers)
[GIN-debug] GET    /sellpump/api/produk/v1/produk/getproduk --> produk_microservice/controllers.(*Produk).GetDataProduk-fm (5 handlers)
[GIN-debug] POST   /sellpump/api/produk/v1/produk/create --> produk_microservice/controllers.(*Produk).ProdukCreate-fm (6 handlers)
[GIN-debug] PUT    /sellpump/api/produk/v1/produk/update --> produk_microservice/controllers.(*Produk).ProdukUpdate-fm (6 handlers)
[GIN-debug] DELETE /sellpump/api/produk/v1/produk/delete --> produk_microservice/controllers.(*Produk).ProdukDelete-fm (6 handlers)
[GIN-debug] GET    /sellpump/api/produk/v1/artikel/getartikel --> produk_microservice/controllers.(*Produk).GetDataArtikel-fm (5 handlers)
[GIN-debug] POST   /sellpump/api/produk/v1/artikel/create --> produk_microservice/controllers.(*Produk).ArtikelCreate-fm (6 handlers)
[GIN-debug] GET    /swagger/*any             --> github.com/swaggo/gin-swagger.CustomWrapHandler.func1 (4 handlers)
[GIN-debug] [WARNING] You trusted all proxies, this is NOT safe. We recommend you to set a value.
Please check https://pkg.go.dev/github.com/gin-gonic/gin#readme-don-t-trust-all-proxies for details.
[GIN-debug] Listening and serving HTTP on :2202
[GIN] 2022/01/11 - 11:14:25 | 500 |    364.3951ms |             ::1 | POST     "/sellpump/api/produk/v1/artikel/create"
[GIN] 2022/01/11 - 11:14:27 | 500 |    406.8964ms |             ::1 | POST     "/sellpump/api/produk/v1/artikel/create"
[GIN] 2022/01/11 - 11:15:29 | 200 |     89.4197ms |             ::1 | GET      "/sellpump/api/produk/v1/artikel/getartikel"
[GIN] 2022/01/11 - 11:15:42 | 500 |    235.7241ms |             ::1 | POST     "/sellpump/api/produk/v1/artikel/create"
[GIN-debug] [WARNING] Creating an Engine instance with the Logger and Recovery middleware already attached.

[GIN-debug] [WARNING] Running in "debug" mode. Switch to "release" mode in production.
 - using env:	export GIN_MODE=release
 - using code:	gin.SetMode(gin.ReleaseMode)

[GIN-debug] GET    /sellpump/api/produk/photo/*filepath --> github.com/gin-gonic/gin.(*RouterGroup).createStaticHandler.func1 (5 handlers)
[GIN-debug] HEAD   /sellpump/api/produk/photo/*filepath --> github.com/gin-gonic/gin.(*RouterGroup).createStaticHandler.func1 (5 handlers)
[GIN-debug] GET    /sellpump/api/produk/v1/produk/getproduk --> produk_microservice/controllers.(*Produk).GetDataProduk-fm (5 handlers)
[GIN-debug] POST   /sellpump/api/produk/v1/produk/create --> produk_microservice/controllers.(*Produk).ProdukCreate-fm (6 handlers)
[GIN-debug] PUT    /sellpump/api/produk/v1/produk/update --> produk_microservice/controllers.(*Produk).ProdukUpdate-fm (6 handlers)
[GIN-debug] DELETE /sellpump/api/produk/v1/produk/delete --> produk_microservice/controllers.(*Produk).ProdukDelete-fm (6 handlers)
[GIN-debug] GET    /sellpump/api/produk/v1/artikel/getartikel --> produk_microservice/controllers.(*Produk).GetDataArtikel-fm (5 handlers)
[GIN-debug] POST   /sellpump/api/produk/v1/artikel/create --> produk_microservice/controllers.(*Produk).ArtikelCreate-fm (6 handlers)
[GIN-debug] GET    /swagger/*any             --> github.com/swaggo/gin-swagger.CustomWrapHandler.func1 (4 handlers)
[GIN-debug] [WARNING] You trusted all proxies, this is NOT safe. We recommend you to set a value.
Please check https://pkg.go.dev/github.com/gin-gonic/gin#readme-don-t-trust-all-proxies for details.
[GIN-debug] Listening and serving HTTP on :2202
[GIN] 2022/01/11 - 11:16:41 | 500 |    227.7002ms |             ::1 | POST     "/sellpump/api/produk/v1/artikel/create"
[GIN-debug] [WARNING] Creating an Engine instance with the Logger and Recovery middleware already attached.

[GIN-debug] [WARNING] Running in "debug" mode. Switch to "release" mode in production.
 - using env:	export GIN_MODE=release
 - using code:	gin.SetMode(gin.ReleaseMode)

[GIN-debug] GET    /sellpump/api/produk/photo/*filepath --> github.com/gin-gonic/gin.(*RouterGroup).createStaticHandler.func1 (5 handlers)
[GIN-debug] HEAD   /sellpump/api/produk/photo/*filepath --> github.com/gin-gonic/gin.(*RouterGroup).createStaticHandler.func1 (5 handlers)
[GIN-debug] GET    /sellpump/api/produk/v1/produk/getproduk --> produk_microservice/controllers.(*Produk).GetDataProduk-fm (5 handlers)
[GIN-debug] POST   /sellpump/api/produk/v1/produk/create --> produk_microservice/controllers.(*Produk).ProdukCreate-fm (6 handlers)
[GIN-debug] PUT    /sellpump/api/produk/v1/produk/update --> produk_microservice/controllers.(*Produk).ProdukUpdate-fm (6 handlers)
[GIN-debug] DELETE /sellpump/api/produk/v1/produk/delete --> produk_microservice/controllers.(*Produk).ProdukDelete-fm (6 handlers)
[GIN-debug] GET    /sellpump/api/produk/v1/artikel/getartikel --> produk_microservice/controllers.(*Produk).GetDataArtikel-fm (5 handlers)
[GIN-debug] POST   /sellpump/api/produk/v1/artikel/create --> produk_microservice/controllers.(*Produk).ArtikelCreate-fm (6 handlers)
[GIN-debug] GET    /swagger/*any             --> github.com/swaggo/gin-swagger.CustomWrapHandler.func1 (4 handlers)
[GIN-debug] [WARNING] You trusted all proxies, this is NOT safe. We recommend you to set a value.
Please check https://pkg.go.dev/github.com/gin-gonic/gin#readme-don-t-trust-all-proxies for details.
[GIN-debug] Listening and serving HTTP on :2202
[GIN-debug] [WARNING] Creating an Engine instance with the Logger and Recovery middleware already attached.

[GIN-debug] [WARNING] Running in "debug" mode. Switch to "release" mode in production.
 - using env:	export GIN_MODE=release
 - using code:	gin.SetMode(gin.ReleaseMode)

[GIN-debug] GET    /sellpump/api/produk/photo/*filepath --> github.com/gin-gonic/gin.(*RouterGroup).createStaticHandler.func1 (5 handlers)
[GIN-debug] HEAD   /sellpump/api/produk/photo/*filepath --> github.com/gin-gonic/gin.(*RouterGroup).createStaticHandler.func1 (5 handlers)
[GIN-debug] GET    /sellpump/api/produk/v1/produk/getproduk --> produk_microservice/controllers.(*Produk).GetDataProduk-fm (5 handlers)
[GIN-debug] POST   /sellpump/api/produk/v1/produk/create --> produk_microservice/controllers.(*Produk).ProdukCreate-fm (6 handlers)
[GIN-debug] PUT    /sellpump/api/produk/v1/produk/update --> produk_microservice/controllers.(*Produk).ProdukUpdate-fm (6 handlers)
[GIN-debug] DELETE /sellpump/api/produk/v1/produk/delete --> produk_microservice/controllers.(*Produk).ProdukDelete-fm (6 handlers)
[GIN-debug] GET    /sellpump/api/produk/v1/artikel/getartikel --> produk_microservice/controllers.(*Produk).GetDataArtikel-fm (5 handlers)
[GIN-debug] POST   /sellpump/api/produk/v1/artikel/create --> produk_microservice/controllers.(*Produk).ArtikelCreate-fm (6 handlers)
[GIN-debug] GET    /swagger/*any             --> github.com/swaggo/gin-swagger.CustomWrapHandler.func1 (4 handlers)
[GIN-debug] [WARNING] You trusted all proxies, this is NOT safe. We recommend you to set a value.
Please check https://pkg.go.dev/github.com/gin-gonic/gin#readme-don-t-trust-all-proxies for details.
[GIN-debug] Listening and serving HTTP on :2202
[GIN-debug] [WARNING] Creating an Engine instance with the Logger and Recovery middleware already attached.

[GIN-debug] [WARNING] Running in "debug" mode. Switch to "release" mode in production.
 - using env:	export GIN_MODE=release
 - using code:	gin.SetMode(gin.ReleaseMode)

[GIN-debug] GET    /sellpump/api/produk/photo/*filepath --> github.com/gin-gonic/gin.(*RouterGroup).createStaticHandler.func1 (5 handlers)
[GIN-debug] HEAD   /sellpump/api/produk/photo/*filepath --> github.com/gin-gonic/gin.(*RouterGroup).createStaticHandler.func1 (5 handlers)
[GIN-debug] GET    /sellpump/api/produk/v1/produk/getproduk --> produk_microservice/controllers.(*Produk).GetDataProduk-fm (5 handlers)
[GIN-debug] POST   /sellpump/api/produk/v1/produk/create --> produk_microservice/controllers.(*Produk).ProdukCreate-fm (6 handlers)
[GIN-debug] PUT    /sellpump/api/produk/v1/produk/update --> produk_microservice/controllers.(*Produk).ProdukUpdate-fm (6 handlers)
[GIN-debug] DELETE /sellpump/api/produk/v1/produk/delete --> produk_microservice/controllers.(*Produk).ProdukDelete-fm (6 handlers)
[GIN-debug] GET    /sellpump/api/produk/v1/artikel/getartikel --> produk_microservice/controllers.(*Produk).GetDataArtikel-fm (5 handlers)
[GIN-debug] POST   /sellpump/api/produk/v1/artikel/create --> produk_microservice/controllers.(*Produk).ArtikelCreate-fm (6 handlers)
[GIN-debug] GET    /swagger/*any             --> github.com/swaggo/gin-swagger.CustomWrapHandler.func1 (4 handlers)
[GIN-debug] [WARNING] You trusted all proxies, this is NOT safe. We recommend you to set a value.
Please check https://pkg.go.dev/github.com/gin-gonic/gin#readme-don-t-trust-all-proxies for details.
[GIN-debug] Listening and serving HTTP on :2202
[GIN] 2022/01/11 - 11:24:10 | 500 |    243.4691ms |             ::1 | POST     "/sellpump/api/produk/v1/artikel/create"
[GIN] 2022/01/11 - 11:26:18 | 500 |    487.7752ms |             ::1 | POST     "/sellpump/api/produk/v1/artikel/create"
[GIN-debug] [WARNING] Creating an Engine instance with the Logger and Recovery middleware already attached.

[GIN-debug] [WARNING] Running in "debug" mode. Switch to "release" mode in production.
 - using env:	export GIN_MODE=release
 - using code:	gin.SetMode(gin.ReleaseMode)

[GIN-debug] GET    /sellpump/api/produk/photo/*filepath --> github.com/gin-gonic/gin.(*RouterGroup).createStaticHandler.func1 (5 handlers)
[GIN-debug] HEAD   /sellpump/api/produk/photo/*filepath --> github.com/gin-gonic/gin.(*RouterGroup).createStaticHandler.func1 (5 handlers)
[GIN-debug] GET    /sellpump/api/produk/v1/produk/getproduk --> produk_microservice/controllers.(*Produk).GetDataProduk-fm (5 handlers)
[GIN-debug] POST   /sellpump/api/produk/v1/produk/create --> produk_microservice/controllers.(*Produk).ProdukCreate-fm (6 handlers)
[GIN-debug] PUT    /sellpump/api/produk/v1/produk/update --> produk_microservice/controllers.(*Produk).ProdukUpdate-fm (6 handlers)
[GIN-debug] DELETE /sellpump/api/produk/v1/produk/delete --> produk_microservice/controllers.(*Produk).ProdukDelete-fm (6 handlers)
[GIN-debug] GET    /sellpump/api/produk/v1/artikel/getartikel --> produk_microservice/controllers.(*Produk).GetDataArtikel-fm (5 handlers)
[GIN-debug] POST   /sellpump/api/produk/v1/artikel/create --> produk_microservice/controllers.(*Produk).ArtikelCreate-fm (6 handlers)
[GIN-debug] GET    /swagger/*any             --> github.com/swaggo/gin-swagger.CustomWrapHandler.func1 (4 handlers)
[GIN-debug] [WARNING] You trusted all proxies, this is NOT safe. We recommend you to set a value.
Please check https://pkg.go.dev/github.com/gin-gonic/gin#readme-don-t-trust-all-proxies for details.
[GIN-debug] Listening and serving HTTP on :2202
[GIN] 2022/01/11 - 11:27:05 | 500 |    232.3828ms |             ::1 | POST     "/sellpump/api/produk/v1/artikel/create"
[GIN-debug] [WARNING] Creating an Engine instance with the Logger and Recovery middleware already attached.

[GIN-debug] [WARNING] Running in "debug" mode. Switch to "release" mode in production.
 - using env:	export GIN_MODE=release
 - using code:	gin.SetMode(gin.ReleaseMode)

[GIN-debug] GET    /sellpump/api/produk/photo/*filepath --> github.com/gin-gonic/gin.(*RouterGroup).createStaticHandler.func1 (5 handlers)
[GIN-debug] HEAD   /sellpump/api/produk/photo/*filepath --> github.com/gin-gonic/gin.(*RouterGroup).createStaticHandler.func1 (5 handlers)
[GIN-debug] GET    /sellpump/api/produk/v1/produk/getproduk --> produk_microservice/controllers.(*Produk).GetDataProduk-fm (5 handlers)
[GIN-debug] POST   /sellpump/api/produk/v1/produk/create --> produk_microservice/controllers.(*Produk).ProdukCreate-fm (6 handlers)
[GIN-debug] PUT    /sellpump/api/produk/v1/produk/update --> produk_microservice/controllers.(*Produk).ProdukUpdate-fm (6 handlers)
[GIN-debug] DELETE /sellpump/api/produk/v1/produk/delete --> produk_microservice/controllers.(*Produk).ProdukDelete-fm (6 handlers)
[GIN-debug] GET    /sellpump/api/produk/v1/artikel/getartikel --> produk_microservice/controllers.(*Produk).GetDataArtikel-fm (5 handlers)
[GIN-debug] POST   /sellpump/api/produk/v1/artikel/create --> produk_microservice/controllers.(*Produk).ArtikelCreate-fm (6 handlers)
[GIN-debug] GET    /swagger/*any             --> github.com/swaggo/gin-swagger.CustomWrapHandler.func1 (4 handlers)
[GIN-debug] [WARNING] You trusted all proxies, this is NOT safe. We recommend you to set a value.
Please check https://pkg.go.dev/github.com/gin-gonic/gin#readme-don-t-trust-all-proxies for details.
[GIN-debug] Listening and serving HTTP on :2202
[GIN] 2022/01/11 - 11:29:17 | 500 |    240.8751ms |             ::1 | POST     "/sellpump/api/produk/v1/artikel/create"
[GIN] 2022/01/11 - 11:29:20 | 500 |    257.5396ms |             ::1 | POST     "/sellpump/api/produk/v1/artikel/create"
[GIN] 2022/01/11 - 11:30:56 | 500 |    259.1818ms |             ::1 | POST     "/sellpump/api/produk/v1/artikel/create"
[GIN] 2022/01/11 - 11:33:47 | 500 |    145.0057ms |             ::1 | POST     "/sellpump/api/produk/v1/artikel/create"
[GIN] 2022/01/11 - 11:33:57 | 500 |    235.4362ms |             ::1 | POST     "/sellpump/api/produk/v1/artikel/create"
[GIN] 2022/01/11 - 11:34:01 | 500 |    301.2938ms |             ::1 | POST     "/sellpump/api/produk/v1/artikel/create"
[GIN] 2022/01/11 - 11:34:09 | 500 |    239.8648ms |             ::1 | POST     "/sellpump/api/produk/v1/artikel/create"
[GIN] 2022/01/11 - 11:34:15 | 500 |    102.3403ms |             ::1 | POST     "/sellpump/api/produk/v1/artikel/create"
[GIN] 2022/01/11 - 11:34:19 | 500 |     317.172ms |             ::1 | POST     "/sellpump/api/produk/v1/artikel/create"
[GIN-debug] [WARNING] Creating an Engine instance with the Logger and Recovery middleware already attached.

[GIN-debug] [WARNING] Running in "debug" mode. Switch to "release" mode in production.
 - using env:	export GIN_MODE=release
 - using code:	gin.SetMode(gin.ReleaseMode)

[GIN-debug] GET    /sellpump/api/produk/photo/*filepath --> github.com/gin-gonic/gin.(*RouterGroup).createStaticHandler.func1 (5 handlers)
[GIN-debug] HEAD   /sellpump/api/produk/photo/*filepath --> github.com/gin-gonic/gin.(*RouterGroup).createStaticHandler.func1 (5 handlers)
[GIN-debug] GET    /sellpump/api/produk/v1/produk/getproduk --> produk_microservice/controllers.(*Produk).GetDataProduk-fm (5 handlers)
[GIN-debug] POST   /sellpump/api/produk/v1/produk/create --> produk_microservice/controllers.(*Produk).ProdukCreate-fm (6 handlers)
[GIN-debug] PUT    /sellpump/api/produk/v1/produk/update --> produk_microservice/controllers.(*Produk).ProdukUpdate-fm (6 handlers)
[GIN-debug] DELETE /sellpump/api/produk/v1/produk/delete --> produk_microservice/controllers.(*Produk).ProdukDelete-fm (6 handlers)
[GIN-debug] GET    /sellpump/api/produk/v1/artikel/getartikel --> produk_microservice/controllers.(*Produk).GetDataArtikel-fm (5 handlers)
[GIN-debug] POST   /sellpump/api/produk/v1/artikel/create --> produk_microservice/controllers.(*Produk).ArtikelCreate-fm (6 handlers)
[GIN-debug] GET    /swagger/*any             --> github.com/swaggo/gin-swagger.CustomWrapHandler.func1 (4 handlers)
[GIN-debug] [WARNING] You trusted all proxies, this is NOT safe. We recommend you to set a value.
Please check https://pkg.go.dev/github.com/gin-gonic/gin#readme-don-t-trust-all-proxies for details.
[GIN-debug] Listening and serving HTTP on :2202
[GIN] 2022/01/11 - 11:36:51 | 500 |    257.1447ms |             ::1 | POST     "/sellpump/api/produk/v1/artikel/create"
[GIN-debug] [WARNING] Creating an Engine instance with the Logger and Recovery middleware already attached.

[GIN-debug] [WARNING] Running in "debug" mode. Switch to "release" mode in production.
 - using env:	export GIN_MODE=release
 - using code:	gin.SetMode(gin.ReleaseMode)

[GIN-debug] GET    /sellpump/api/produk/photo/*filepath --> github.com/gin-gonic/gin.(*RouterGroup).createStaticHandler.func1 (5 handlers)
[GIN-debug] HEAD   /sellpump/api/produk/photo/*filepath --> github.com/gin-gonic/gin.(*RouterGroup).createStaticHandler.func1 (5 handlers)
[GIN-debug] GET    /sellpump/api/produk/v1/produk/getproduk --> produk_microservice/controllers.(*Produk).GetDataProduk-fm (5 handlers)
[GIN-debug] POST   /sellpump/api/produk/v1/produk/create --> produk_microservice/controllers.(*Produk).ProdukCreate-fm (6 handlers)
[GIN-debug] PUT    /sellpump/api/produk/v1/produk/update --> produk_microservice/controllers.(*Produk).ProdukUpdate-fm (6 handlers)
[GIN-debug] DELETE /sellpump/api/produk/v1/produk/delete --> produk_microservice/controllers.(*Produk).ProdukDelete-fm (6 handlers)
[GIN-debug] GET    /sellpump/api/produk/v1/artikel/getartikel --> produk_microservice/controllers.(*Produk).GetDataArtikel-fm (5 handlers)
[GIN-debug] POST   /sellpump/api/produk/v1/artikel/create --> produk_microservice/controllers.(*Produk).ArtikelCreate-fm (6 handlers)
[GIN-debug] GET    /swagger/*any             --> github.com/swaggo/gin-swagger.CustomWrapHandler.func1 (4 handlers)
[GIN-debug] [WARNING] You trusted all proxies, this is NOT safe. We recommend you to set a value.
Please check https://pkg.go.dev/github.com/gin-gonic/gin#readme-don-t-trust-all-proxies for details.
[GIN-debug] Listening and serving HTTP on :2202
[GIN] 2022/01/11 - 11:39:12 | 500 |    107.5051ms |             ::1 | POST     "/sellpump/api/produk/v1/artikel/create"
[GIN-debug] [WARNING] Creating an Engine instance with the Logger and Recovery middleware already attached.

[GIN-debug] [WARNING] Running in "debug" mode. Switch to "release" mode in production.
 - using env:	export GIN_MODE=release
 - using code:	gin.SetMode(gin.ReleaseMode)

[GIN-debug] GET    /sellpump/api/produk/photo/*filepath --> github.com/gin-gonic/gin.(*RouterGroup).createStaticHandler.func1 (5 handlers)
[GIN-debug] HEAD   /sellpump/api/produk/photo/*filepath --> github.com/gin-gonic/gin.(*RouterGroup).createStaticHandler.func1 (5 handlers)
[GIN-debug] GET    /sellpump/api/produk/v1/produk/getproduk --> produk_microservice/controllers.(*Produk).GetDataProduk-fm (5 handlers)
[GIN-debug] POST   /sellpump/api/produk/v1/produk/create --> produk_microservice/controllers.(*Produk).ProdukCreate-fm (6 handlers)
[GIN-debug] PUT    /sellpump/api/produk/v1/produk/update --> produk_microservice/controllers.(*Produk).ProdukUpdate-fm (6 handlers)
[GIN-debug] DELETE /sellpump/api/produk/v1/produk/delete --> produk_microservice/controllers.(*Produk).ProdukDelete-fm (6 handlers)
[GIN-debug] GET    /sellpump/api/produk/v1/artikel/getartikel --> produk_microservice/controllers.(*Produk).GetDataArtikel-fm (5 handlers)
[GIN-debug] POST   /sellpump/api/produk/v1/artikel/create --> produk_microservice/controllers.(*Produk).ArtikelCreate-fm (6 handlers)
[GIN-debug] GET    /swagger/*any             --> github.com/swaggo/gin-swagger.CustomWrapHandler.func1 (4 handlers)
[GIN-debug] [WARNING] You trusted all proxies, this is NOT safe. We recommend you to set a value.
Please check https://pkg.go.dev/github.com/gin-gonic/gin#readme-don-t-trust-all-proxies for details.
[GIN-debug] Listening and serving HTTP on :2202
[GIN] 2022/01/11 - 11:41:10 | 500 |    230.8136ms |             ::1 | POST     "/sellpump/api/produk/v1/artikel/create"
[GIN-debug] [WARNING] Creating an Engine instance with the Logger and Recovery middleware already attached.

[GIN-debug] [WARNING] Running in "debug" mode. Switch to "release" mode in production.
 - using env:	export GIN_MODE=release
 - using code:	gin.SetMode(gin.ReleaseMode)

[GIN-debug] GET    /sellpump/api/produk/photo/*filepath --> github.com/gin-gonic/gin.(*RouterGroup).createStaticHandler.func1 (5 handlers)
[GIN-debug] HEAD   /sellpump/api/produk/photo/*filepath --> github.com/gin-gonic/gin.(*RouterGroup).createStaticHandler.func1 (5 handlers)
[GIN-debug] GET    /sellpump/api/produk/v1/produk/getproduk --> produk_microservice/controllers.(*Produk).GetDataProduk-fm (5 handlers)
[GIN-debug] POST   /sellpump/api/produk/v1/produk/create --> produk_microservice/controllers.(*Produk).ProdukCreate-fm (6 handlers)
[GIN-debug] PUT    /sellpump/api/produk/v1/produk/update --> produk_microservice/controllers.(*Produk).ProdukUpdate-fm (6 handlers)
[GIN-debug] DELETE /sellpump/api/produk/v1/produk/delete --> produk_microservice/controllers.(*Produk).ProdukDelete-fm (6 handlers)
[GIN-debug] GET    /sellpump/api/produk/v1/artikel/getartikel --> produk_microservice/controllers.(*Produk).GetDataArtikel-fm (5 handlers)
[GIN-debug] POST   /sellpump/api/produk/v1/artikel/create --> produk_microservice/controllers.(*Produk).ArtikelCreate-fm (6 handlers)
[GIN-debug] GET    /swagger/*any             --> github.com/swaggo/gin-swagger.CustomWrapHandler.func1 (4 handlers)
[GIN-debug] [WARNING] You trusted all proxies, this is NOT safe. We recommend you to set a value.
Please check https://pkg.go.dev/github.com/gin-gonic/gin#readme-don-t-trust-all-proxies for details.
[GIN-debug] Listening and serving HTTP on :2202
[GIN] 2022/01/11 - 12:17:40 | 200 |    282.2537ms |             ::1 | POST     "/sellpump/api/produk/v1/artikel/create"
[GIN] 2022/01/11 - 14:18:26 | 200 |    117.2345ms |             ::1 | GET      "/sellpump/api/produk/v1/artikel/getartikel"
[GIN] 2022/01/11 - 14:19:22 | 200 |    277.9221ms |             ::1 | POST     "/sellpump/api/produk/v1/artikel/create"
[GIN] 2022/01/11 - 14:19:25 | 200 |     92.6663ms |             ::1 | GET      "/sellpump/api/produk/v1/artikel/getartikel?judu"
[GIN] 2022/01/11 - 14:19:32 | 200 |    120.2142ms |             ::1 | GET      "/sellpump/api/produk/v1/artikel/getartikel?judul_artikel=dua"
[GIN] 2022/01/11 - 14:19:48 | 200 |     76.1496ms |             ::1 | GET      "/sellpump/api/produk/v1/artikel/getartikel?search=dua"
[GIN] 2022/01/11 - 14:19:53 | 200 |     74.7626ms |             ::1 | GET      "/sellpump/api/produk/v1/artikel/getartikel?search=satu"
[GIN] 2022/01/11 - 14:19:59 | 200 |     73.9244ms |             ::1 | GET      "/sellpump/api/produk/v1/artikel/getartikel?search=artikel"
[GIN-debug] [WARNING] Creating an Engine instance with the Logger and Recovery middleware already attached.

[GIN-debug] [WARNING] Running in "debug" mode. Switch to "release" mode in production.
 - using env:	export GIN_MODE=release
 - using code:	gin.SetMode(gin.ReleaseMode)

[GIN-debug] GET    /sellpump/api/produk/photo/*filepath --> github.com/gin-gonic/gin.(*RouterGroup).createStaticHandler.func1 (5 handlers)
[GIN-debug] HEAD   /sellpump/api/produk/photo/*filepath --> github.com/gin-gonic/gin.(*RouterGroup).createStaticHandler.func1 (5 handlers)
[GIN-debug] GET    /sellpump/api/produk/v1/produk/getproduk --> produk_microservice/controllers.(*Produk).GetDataProduk-fm (5 handlers)
[GIN-debug] POST   /sellpump/api/produk/v1/produk/create --> produk_microservice/controllers.(*Produk).ProdukCreate-fm (6 handlers)
[GIN-debug] PUT    /sellpump/api/produk/v1/produk/update --> produk_microservice/controllers.(*Produk).ProdukUpdate-fm (6 handlers)
[GIN-debug] DELETE /sellpump/api/produk/v1/produk/delete --> produk_microservice/controllers.(*Produk).ProdukDelete-fm (6 handlers)
[GIN-debug] GET    /sellpump/api/produk/v1/artikel/getartikel --> produk_microservice/controllers.(*Produk).GetDataArtikel-fm (5 handlers)
[GIN-debug] POST   /sellpump/api/produk/v1/artikel/create --> produk_microservice/controllers.(*Produk).ArtikelCreate-fm (6 handlers)
[GIN-debug] PUT    /sellpump/api/produk/v1/artikel/update --> produk_microservice/controllers.(*Produk).ArtikelUpdate-fm (6 handlers)
[GIN-debug] GET    /swagger/*any             --> github.com/swaggo/gin-swagger.CustomWrapHandler.func1 (4 handlers)
[GIN-debug] [WARNING] You trusted all proxies, this is NOT safe. We recommend you to set a value.
Please check https://pkg.go.dev/github.com/gin-gonic/gin#readme-don-t-trust-all-proxies for details.
[GIN-debug] Listening and serving HTTP on :2202
[GIN] 2022/01/11 - 14:36:47 | 200 |    241.3338ms |             ::1 | PUT      "/sellpump/api/produk/v1/artikel/update"
[GIN] 2022/01/11 - 14:36:55 | 200 |     75.0639ms |             ::1 | GET      "/sellpump/api/produk/v1/artikel/getartikel"
[GIN] 2022/01/11 - 14:37:10 | 200 |    251.8181ms |             ::1 | PUT      "/sellpump/api/produk/v1/artikel/update"
[GIN] 2022/01/11 - 14:37:15 | 200 |     73.9103ms |             ::1 | GET      "/sellpump/api/produk/v1/artikel/getartikel"
[GIN] 2022/01/11 - 14:37:55 | 200 |    235.0331ms |             ::1 | PUT      "/sellpump/api/produk/v1/artikel/update"
[GIN] 2022/01/11 - 14:37:59 | 200 |    216.1335ms |             ::1 | GET      "/sellpump/api/produk/v1/artikel/getartikel"
[GIN-debug] [WARNING] Creating an Engine instance with the Logger and Recovery middleware already attached.

[GIN-debug] [WARNING] Running in "debug" mode. Switch to "release" mode in production.
 - using env:	export GIN_MODE=release
 - using code:	gin.SetMode(gin.ReleaseMode)

[GIN-debug] GET    /sellpump/api/produk/photo/*filepath --> github.com/gin-gonic/gin.(*RouterGroup).createStaticHandler.func1 (5 handlers)
[GIN-debug] HEAD   /sellpump/api/produk/photo/*filepath --> github.com/gin-gonic/gin.(*RouterGroup).createStaticHandler.func1 (5 handlers)
[GIN-debug] GET    /sellpump/api/produk/v1/produk/getproduk --> produk_microservice/controllers.(*Produk).GetDataProduk-fm (5 handlers)
[GIN-debug] POST   /sellpump/api/produk/v1/produk/create --> produk_microservice/controllers.(*Produk).ProdukCreate-fm (6 handlers)
[GIN-debug] PUT    /sellpump/api/produk/v1/produk/update --> produk_microservice/controllers.(*Produk).ProdukUpdate-fm (6 handlers)
[GIN-debug] DELETE /sellpump/api/produk/v1/produk/delete --> produk_microservice/controllers.(*Produk).ProdukDelete-fm (6 handlers)
[GIN-debug] GET    /sellpump/api/produk/v1/artikel/getartikel --> produk_microservice/controllers.(*Produk).GetDataArtikel-fm (5 handlers)
[GIN-debug] POST   /sellpump/api/produk/v1/artikel/create --> produk_microservice/controllers.(*Produk).ArtikelCreate-fm (6 handlers)
[GIN-debug] PUT    /sellpump/api/produk/v1/artikel/update --> produk_microservice/controllers.(*Produk).ArtikelUpdate-fm (6 handlers)
[GIN-debug] DELETE /sellpump/api/produk/v1/artikel/delete --> produk_microservice/controllers.(*Produk).ArtikelDelete-fm (6 handlers)
[GIN-debug] GET    /swagger/*any             --> github.com/swaggo/gin-swagger.CustomWrapHandler.func1 (4 handlers)
[GIN-debug] [WARNING] You trusted all proxies, this is NOT safe. We recommend you to set a value.
Please check https://pkg.go.dev/github.com/gin-gonic/gin#readme-don-t-trust-all-proxies for details.
[GIN-debug] Listening and serving HTTP on :2202
[GIN] 2022/01/11 - 14:42:18 | 200 |     77.6766ms |             ::1 | GET      "/sellpump/api/produk/v1/artikel/getartikel"
[GIN] 2022/01/11 - 14:42:46 | 500 |    215.7417ms |             ::1 | DELETE   "/sellpump/api/produk/v1/artikel/delete"
[GIN-debug] [WARNING] Creating an Engine instance with the Logger and Recovery middleware already attached.

[GIN-debug] [WARNING] Running in "debug" mode. Switch to "release" mode in production.
 - using env:	export GIN_MODE=release
 - using code:	gin.SetMode(gin.ReleaseMode)

[GIN-debug] GET    /sellpump/api/produk/photo/*filepath --> github.com/gin-gonic/gin.(*RouterGroup).createStaticHandler.func1 (5 handlers)
[GIN-debug] HEAD   /sellpump/api/produk/photo/*filepath --> github.com/gin-gonic/gin.(*RouterGroup).createStaticHandler.func1 (5 handlers)
[GIN-debug] GET    /sellpump/api/produk/v1/produk/getproduk --> produk_microservice/controllers.(*Produk).GetDataProduk-fm (5 handlers)
[GIN-debug] POST   /sellpump/api/produk/v1/produk/create --> produk_microservice/controllers.(*Produk).ProdukCreate-fm (6 handlers)
[GIN-debug] PUT    /sellpump/api/produk/v1/produk/update --> produk_microservice/controllers.(*Produk).ProdukUpdate-fm (6 handlers)
[GIN-debug] DELETE /sellpump/api/produk/v1/produk/delete --> produk_microservice/controllers.(*Produk).ProdukDelete-fm (6 handlers)
[GIN-debug] GET    /sellpump/api/produk/v1/artikel/getartikel --> produk_microservice/controllers.(*Produk).GetDataArtikel-fm (5 handlers)
[GIN-debug] POST   /sellpump/api/produk/v1/artikel/create --> produk_microservice/controllers.(*Produk).ArtikelCreate-fm (6 handlers)
[GIN-debug] PUT    /sellpump/api/produk/v1/artikel/update --> produk_microservice/controllers.(*Produk).ArtikelUpdate-fm (6 handlers)
[GIN-debug] DELETE /sellpump/api/produk/v1/artikel/delete --> produk_microservice/controllers.(*Produk).ArtikelDelete-fm (6 handlers)
[GIN-debug] GET    /swagger/*any             --> github.com/swaggo/gin-swagger.CustomWrapHandler.func1 (4 handlers)
[GIN-debug] [WARNING] You trusted all proxies, this is NOT safe. We recommend you to set a value.
Please check https://pkg.go.dev/github.com/gin-gonic/gin#readme-don-t-trust-all-proxies for details.
[GIN-debug] Listening and serving HTTP on :2202
[GIN] 2022/01/11 - 14:43:17 | 200 |    224.2458ms |             ::1 | DELETE   "/sellpump/api/produk/v1/artikel/delete"
[GIN] 2022/01/11 - 14:43:19 | 200 |     79.4132ms |             ::1 | GET      "/sellpump/api/produk/v1/artikel/getartikel"
[GIN] 2022/01/11 - 14:43:23 | 200 |      78.646ms |             ::1 | GET      "/sellpump/api/produk/v1/artikel/getartikel"
[GIN] 2022/01/11 - 14:43:43 | 200 |     81.0098ms |             ::1 | GET      "/sellpump/api/produk/v1/artikel/getartikel"
[GIN] 2022/01/11 - 14:43:45 | 200 |     80.4256ms |             ::1 | GET      "/sellpump/api/produk/v1/artikel/getartikel"
[GIN-debug] [WARNING] Creating an Engine instance with the Logger and Recovery middleware already attached.

[GIN-debug] [WARNING] Running in "debug" mode. Switch to "release" mode in production.
 - using env:	export GIN_MODE=release
 - using code:	gin.SetMode(gin.ReleaseMode)

[GIN-debug] GET    /sellpump/api/produk/photo/*filepath --> github.com/gin-gonic/gin.(*RouterGroup).createStaticHandler.func1 (5 handlers)
[GIN-debug] HEAD   /sellpump/api/produk/photo/*filepath --> github.com/gin-gonic/gin.(*RouterGroup).createStaticHandler.func1 (5 handlers)
[GIN-debug] GET    /sellpump/api/produk/v1/produk/getproduk --> produk_microservice/controllers.(*Produk).GetDataProduk-fm (5 handlers)
[GIN-debug] POST   /sellpump/api/produk/v1/produk/create --> produk_microservice/controllers.(*Produk).ProdukCreate-fm (6 handlers)
[GIN-debug] PUT    /sellpump/api/produk/v1/produk/update --> produk_microservice/controllers.(*Produk).ProdukUpdate-fm (6 handlers)
[GIN-debug] DELETE /sellpump/api/produk/v1/produk/delete --> produk_microservice/controllers.(*Produk).ProdukDelete-fm (6 handlers)
[GIN-debug] GET    /sellpump/api/produk/v1/artikel/getartikel --> produk_microservice/controllers.(*Produk).GetDataArtikel-fm (5 handlers)
[GIN-debug] POST   /sellpump/api/produk/v1/artikel/create --> produk_microservice/controllers.(*Produk).ArtikelCreate-fm (6 handlers)
[GIN-debug] PUT    /sellpump/api/produk/v1/artikel/update --> produk_microservice/controllers.(*Produk).ArtikelUpdate-fm (6 handlers)
[GIN-debug] DELETE /sellpump/api/produk/v1/artikel/delete --> produk_microservice/controllers.(*Produk).ArtikelDelete-fm (6 handlers)
[GIN-debug] GET    /swagger/*any             --> github.com/swaggo/gin-swagger.CustomWrapHandler.func1 (4 handlers)
[GIN-debug] [WARNING] You trusted all proxies, this is NOT safe. We recommend you to set a value.
Please check https://pkg.go.dev/github.com/gin-gonic/gin#readme-don-t-trust-all-proxies for details.
[GIN-debug] Listening and serving HTTP on :2202
[GIN] 2022/01/11 - 14:46:30 | 200 |     75.0993ms |             ::1 | GET      "/sellpump/api/produk/v1/artikel/getartikel"
[GIN-debug] [WARNING] Creating an Engine instance with the Logger and Recovery middleware already attached.

[GIN-debug] [WARNING] Running in "debug" mode. Switch to "release" mode in production.
 - using env:	export GIN_MODE=release
 - using code:	gin.SetMode(gin.ReleaseMode)

[GIN-debug] GET    /sellpump/api/produk/photo/*filepath --> github.com/gin-gonic/gin.(*RouterGroup).createStaticHandler.func1 (5 handlers)
[GIN-debug] HEAD   /sellpump/api/produk/photo/*filepath --> github.com/gin-gonic/gin.(*RouterGroup).createStaticHandler.func1 (5 handlers)
[GIN-debug] GET    /sellpump/api/produk/v1/produk/getproduk --> produk_microservice/controllers.(*Produk).GetDataProduk-fm (5 handlers)
[GIN-debug] POST   /sellpump/api/produk/v1/produk/create --> produk_microservice/controllers.(*Produk).ProdukCreate-fm (6 handlers)
[GIN-debug] PUT    /sellpump/api/produk/v1/produk/update --> produk_microservice/controllers.(*Produk).ProdukUpdate-fm (6 handlers)
[GIN-debug] DELETE /sellpump/api/produk/v1/produk/delete --> produk_microservice/controllers.(*Produk).ProdukDelete-fm (6 handlers)
[GIN-debug] GET    /sellpump/api/produk/v1/artikel/getartikel --> produk_microservice/controllers.(*Produk).GetDataArtikel-fm (5 handlers)
[GIN-debug] POST   /sellpump/api/produk/v1/artikel/create --> produk_microservice/controllers.(*Produk).ArtikelCreate-fm (6 handlers)
[GIN-debug] PUT    /sellpump/api/produk/v1/artikel/update --> produk_microservice/controllers.(*Produk).ArtikelUpdate-fm (6 handlers)
[GIN-debug] DELETE /sellpump/api/produk/v1/artikel/delete --> produk_microservice/controllers.(*Produk).ArtikelDelete-fm (6 handlers)
[GIN-debug] GET    /swagger/*any             --> github.com/swaggo/gin-swagger.CustomWrapHandler.func1 (4 handlers)
[GIN-debug] [WARNING] You trusted all proxies, this is NOT safe. We recommend you to set a value.
Please check https://pkg.go.dev/github.com/gin-gonic/gin#readme-don-t-trust-all-proxies for details.
[GIN-debug] Listening and serving HTTP on :2202
[GIN] 2022/01/11 - 14:51:24 | 200 |     86.7738ms |             ::1 | GET      "/sellpump/api/produk/v1/artikel/getartikel"
[GIN] 2022/01/11 - 14:51:41 | 200 |    556.0483ms |             ::1 | PUT      "/sellpump/api/produk/v1/artikel/update"
[GIN] 2022/01/11 - 14:51:53 | 200 |    324.0192ms |             ::1 | PUT      "/sellpump/api/produk/v1/artikel/update"
[GIN] 2022/01/11 - 14:51:56 | 200 |     81.1578ms |             ::1 | GET      "/sellpump/api/produk/v1/artikel/getartikel"
[GIN] 2022/01/11 - 14:52:04 | 200 |    334.9569ms |             ::1 | PUT      "/sellpump/api/produk/v1/artikel/update"
[GIN] 2022/01/11 - 14:52:07 | 200 |     76.5678ms |             ::1 | GET      "/sellpump/api/produk/v1/artikel/getartikel"
[GIN-debug] [WARNING] Creating an Engine instance with the Logger and Recovery middleware already attached.

[GIN-debug] [WARNING] Running in "debug" mode. Switch to "release" mode in production.
 - using env:	export GIN_MODE=release
 - using code:	gin.SetMode(gin.ReleaseMode)

[GIN-debug] GET    /sellpump/api/produk/photo/*filepath --> github.com/gin-gonic/gin.(*RouterGroup).createStaticHandler.func1 (5 handlers)
[GIN-debug] HEAD   /sellpump/api/produk/photo/*filepath --> github.com/gin-gonic/gin.(*RouterGroup).createStaticHandler.func1 (5 handlers)
[GIN-debug] GET    /sellpump/api/produk/v1/produk/getproduk --> produk_microservice/controllers.(*Produk).GetDataProduk-fm (5 handlers)
[GIN-debug] POST   /sellpump/api/produk/v1/produk/create --> produk_microservice/controllers.(*Produk).ProdukCreate-fm (6 handlers)
[GIN-debug] PUT    /sellpump/api/produk/v1/produk/update --> produk_microservice/controllers.(*Produk).ProdukUpdate-fm (6 handlers)
[GIN-debug] DELETE /sellpump/api/produk/v1/produk/delete --> produk_microservice/controllers.(*Produk).ProdukDelete-fm (6 handlers)
[GIN-debug] GET    /sellpump/api/produk/v1/artikel/getartikel --> produk_microservice/controllers.(*Produk).GetDataArtikel-fm (5 handlers)
[GIN-debug] POST   /sellpump/api/produk/v1/artikel/create --> produk_microservice/controllers.(*Produk).ArtikelCreate-fm (6 handlers)
[GIN-debug] PUT    /sellpump/api/produk/v1/artikel/update --> produk_microservice/controllers.(*Produk).ArtikelUpdate-fm (6 handlers)
[GIN-debug] DELETE /sellpump/api/produk/v1/artikel/delete --> produk_microservice/controllers.(*Produk).ArtikelDelete-fm (6 handlers)
[GIN-debug] GET    /swagger/*any             --> github.com/swaggo/gin-swagger.CustomWrapHandler.func1 (4 handlers)
[GIN-debug] [WARNING] You trusted all proxies, this is NOT safe. We recommend you to set a value.
Please check https://pkg.go.dev/github.com/gin-gonic/gin#readme-don-t-trust-all-proxies for details.
[GIN-debug] Listening and serving HTTP on :2202
[GIN] 2022/01/11 - 14:54:54 | 200 |    419.2214ms |             ::1 | DELETE   "/sellpump/api/produk/v1/artikel/delete"
[GIN] 2022/01/11 - 14:54:57 | 200 |      72.274ms |             ::1 | GET      "/sellpump/api/produk/v1/artikel/getartikel"
